
> modulardatacenters-app@0.1.0 build
> next build --webpack

Î“Ă»â–“ Next.js 16.2.1 (webpack)
- Environments: .env
- Experiments (use with caution):
  Î“ÂŁĂ´ externalDir

  Creating an optimized production build ...
Î“ÂŁĂ´ Compiled successfully in 15.0s
  Running TypeScript ...
  Finished TypeScript in 24.3s ...
  Collecting page data using 1 worker ...
  Generating static pages using 1 worker (0/159) ...
  Generating static pages using 1 worker (39/159) 
  Generating static pages using 1 worker (79/159) 
  Generating static pages using 1 worker (119/159) 
Î“ÂŁĂ´ Generating static pages using 1 worker (159/159) in 30.8s
  Finalizing page optimization ...
  Collecting build traces ...

Route (app)
Î“Ă¶Ă® Î“ĂąĂŻ /
Î“Ă¶ÂŁ Î“ĂąĂŻ /_not-found
Î“Ă¶ÂŁ Î“ĂąĂŻ /about
Î“Ă¶ÂŁ â•žĂ† /admin
Î“Ă¶ÂŁ â•žĂ† /admin/analytics
Î“Ă¶ÂŁ â•žĂ† /admin/audit
Î“Ă¶ÂŁ Î“ĂąĂŻ /admin/categories
Î“Ă¶ÂŁ â•žĂ† /admin/leads
Î“Ă¶ÂŁ â•žĂ† /admin/vendor-submissions
Î“Ă¶ÂŁ Î“ĂąĂŻ /admin/vendors
Î“Ă¶ÂŁ â•žĂ† /api/admin/analytics/export
Î“Ă¶ÂŁ â•žĂ† /api/admin/audit/export
Î“Ă¶ÂŁ â•žĂ† /api/admin/audit/maintenance
Î“Ă¶ÂŁ â•žĂ† /api/admin/leads/[id]/status
Î“Ă¶ÂŁ â•žĂ† /api/admin/leads/batch-status
Î“Ă¶ÂŁ â•žĂ† /api/admin/vendor-submissions/[id]/claim-token
Î“Ă¶ÂŁ â•žĂ† /api/admin/vendor-submissions/[id]/status
Î“Ă¶ÂŁ â•žĂ† /api/admin/vendor-submissions/batch-claim-token
Î“Ă¶ÂŁ â•žĂ† /api/admin/vendor-submissions/batch-status
Î“Ă¶ÂŁ â•žĂ† /api/admin/vendor-submissions/token-alerts
Î“Ă¶ÂŁ â•žĂ† /api/conversion/events
Î“Ă¶ÂŁ â•žĂ† /api/forms/submit
Î“Ă¶ÂŁ â•žĂ† /api/vendor-claims/verify
Î“Ă¶ÂŁ Î“ĂąĂŻ /categories
Î“Ă¶ÂŁ Î“ĂąĂŻ /compare
Î“Ă¶ÂŁ â•žĂ† /directory
Î“Ă¶ÂŁ Î“ĂąĂ… /directory/[category]
Î“Ă¶Ă© Î“Ă¶ÂŁ /directory/modular-prefab
Î“Ă¶Ă© Î“Ă¶ÂŁ /directory/containerized-data-centers
Î“Ă¶Ă© Î“Ă¶ÂŁ /directory/ai-colocation-gpu-hosting
Î“Ă¶Ă© Î“Ă¶Ă¶ [+34 more paths]
Î“Ă¶ÂŁ Î“ĂąĂŻ /for-vendors
Î“Ă¶ÂŁ Î“ĂąĂŻ /for-vendors/claim
Î“Ă¶ÂŁ â•žĂ† /for-vendors/claim/verify
Î“Ă¶ÂŁ Î“ĂąĂŻ /for-vendors/submit
Î“Ă¶ÂŁ Î“ĂąĂŻ /get-matched
Î“Ă¶ÂŁ Î“ĂąĂŻ /guides
Î“Ă¶ÂŁ Î“ĂąĂ… /guides/[slug]
Î“Ă¶Ă© Î“Ă¶ÂŁ /guides/ai-colocation-vs-modular
Î“Ă¶Ă© Î“Ă¶ÂŁ /guides/ai-data-center-cooling
Î“Ă¶Ă© Î“Ă¶ÂŁ /guides/modular-ai-data-center
Î“Ă¶Ă© Î“Ă¶Ă¶ /guides/modular-vs-traditional-data-center-build
Î“Ă¶ÂŁ Î“ĂąĂŻ /methodology
Î“Ă¶ÂŁ â•žĂ† /vendors
Î“Ă¶Ă¶ Î“ĂąĂ… /vendors/[slug]
  Î“Ă¶ÂŁ /vendors/abb
  Î“Ă¶ÂŁ /vendors/aecom
  Î“Ă¶ÂŁ /vendors/allied-control
  Î“Ă¶Ă¶ [+89 more paths]


â•žĂ† Proxy (Middleware)

Î“ĂąĂŻ  (Static)   prerendered as static content
Î“ĂąĂ…  (SSG)      prerendered as static HTML (uses generateStaticParams)
â•žĂ†  (Dynamic)  server-rendered on demand

