
> modulardatacenters-app@0.1.0 dev
> next dev --webpack

▲ Next.js 16.2.1 (webpack)
- Local:         http://localhost:3000
- Network:       http://38.244.204.253:3000
- Environments: .env
✓ Ready in 1953ms
- Experiments (use with caution):
  ✓ externalDir

○ Compiling proxy ...
ADMIN AUTH DEBUG {
  hasCreds: false,
  providedUser: undefined,
  providedPass: undefined,
  expectedUser: 'admin',
  expectedPass: 'PW%'
}
ADMIN AUTH DEBUG {
  hasCreds: false,
  providedUser: undefined,
  providedPass: undefined,
  expectedUser: 'admin',
  expectedPass: 'PW%'
}
ADMIN AUTH DEBUG {
  hasCreds: false,
  providedUser: undefined,
  providedPass: undefined,
  expectedUser: 'admin',
  expectedPass: 'PW%'
}
ADMIN AUTH DEBUG {
  hasCreds: true,
  providedUser: 'admin',
  providedPass: 'PW$123%',
  expectedUser: 'admin',
  expectedPass: 'PW%'
}
ADMIN AUTH DEBUG {
  hasCreds: true,
  providedUser: 'admin',
  providedPass: 'PW$123%',
  expectedUser: 'admin',
  expectedPass: 'PW%'
}
ADMIN AUTH DEBUG {
  hasCreds: true,
  providedUser: 'admin',
  providedPass: 'PW$123%',
  expectedUser: 'admin',
  expectedPass: 'PW%'
}
○ Compiling / ...
 GET / 200 in 959ms (next.js: 74ms, application-code: 885ms)
 GET / 200 in 1195ms (next.js: 51ms, application-code: 1144ms)
Error: Failed to find Server Action "x". This request might be from an older or newer deployment.
Read more: https://nextjs.org/docs/messages/failed-to-find-server-action
    at ignore-listed frames
 POST / 404 in 3.1s (next.js: 57ms, application-code: 3.0s)
 GET / 200 in 4.1s (next.js: 355ms, application-code: 3.7s)
 GET / 200 in 609ms (next.js: 23ms, application-code: 585ms)
 GET / 200 in 625ms (next.js: 30ms, application-code: 594ms)
 GET / 200 in 556ms (next.js: 22ms, application-code: 535ms)
 GET /.well-known/security.txt 404 in 381ms (next.js: 20ms, application-code: 361ms)
 GET / 200 in 849ms (next.js: 61ms, application-code: 788ms)
 GET /..%2F..%2F..%2F..%2F..%2F..%2Fetc%2Fpasswd 404 in 570ms (next.js: 86ms, application-code: 484ms)
 GET / 200 in 4.1s (next.js: 371ms, application-code: 3.7s)
 GET / 200 in 4.8s (next.js: 257ms, application-code: 4.6s)
 GET /.env 404 in 375ms (next.js: 23ms, application-code: 352ms)
 GET /.git/config 404 in 278ms (next.js: 23ms, application-code: 255ms)
 HEAD / 200 in 567ms (next.js: 22ms, application-code: 545ms)
Error: Failed to find Server Action "x". This request might be from an older or newer deployment.
Read more: https://nextjs.org/docs/messages/failed-to-find-server-action
    at ignore-listed frames
 POST / 404 in 2.3s (next.js: 9ms, application-code: 2.3s)
Error: Failed to find Server Action "x". This request might be from an older or newer deployment.
Read more: https://nextjs.org/docs/messages/failed-to-find-server-action
    at ignore-listed frames
 POST /_next 404 in 658ms (next.js: 10ms, application-code: 648ms)
Error: Failed to find Server Action "x". This request might be from an older or newer deployment.
Read more: https://nextjs.org/docs/messages/failed-to-find-server-action
    at ignore-listed frames
 POST /api/rsc 404 in 911ms (next.js: 18ms, application-code: 892ms)
Error: Failed to find Server Action "x". This request might be from an older or newer deployment.
Read more: https://nextjs.org/docs/messages/failed-to-find-server-action
    at ignore-listed frames
 POST / 404 in 755ms (next.js: 24ms, application-code: 731ms)
Error: Failed to find Server Action "x". This request might be from an older or newer deployment.
Read more: https://nextjs.org/docs/messages/failed-to-find-server-action
    at ignore-listed frames
 POST /formaction 404 in 886ms (next.js: 20ms, application-code: 866ms)
Error: Failed to find Server Action "08b786b5-946f-4eba-aba9-702907ef6b4c". This request might be from an older or newer deployment.
Read more: https://nextjs.org/docs/messages/failed-to-find-server-action
    at ignore-listed frames
 POST / 404 in 1536ms (next.js: 114ms, application-code: 1422ms)
 GET / 200 in 941ms (next.js: 69ms, application-code: 872ms)
 GET / 200 in 893ms (next.js: 23ms, application-code: 870ms)
Error: Failed to find Server Action "x". This request might be from an older or newer deployment.
Read more: https://nextjs.org/docs/messages/failed-to-find-server-action
    at ignore-listed frames
 POST /server-actions 404 in 2.7s (next.js: 308ms, application-code: 2.4s)
Error: Failed to find Server Action "x". This request might be from an older or newer deployment.
Read more: https://nextjs.org/docs/messages/failed-to-find-server-action
    at ignore-listed frames
 POST / 404 in 866ms (next.js: 34ms, application-code: 832ms)
Error: Failed to find Server Action "x". This request might be from an older or newer deployment.
Read more: https://nextjs.org/docs/messages/failed-to-find-server-action
    at ignore-listed frames
 POST /_next 404 in 741ms (next.js: 24ms, application-code: 716ms)
Error: Failed to find Server Action "x". This request might be from an older or newer deployment.
Read more: https://nextjs.org/docs/messages/failed-to-find-server-action
    at ignore-listed frames
 POST /api 404 in 526ms (next.js: 13ms, application-code: 514ms)
Error: Failed to find Server Action "x". This request might be from an older or newer deployment.
Read more: https://nextjs.org/docs/messages/failed-to-find-server-action
    at ignore-listed frames
 POST /_next/server 404 in 883ms (next.js: 12ms, application-code: 871ms)
Error: Failed to find Server Action "x". This request might be from an older or newer deployment.
Read more: https://nextjs.org/docs/messages/failed-to-find-server-action
    at ignore-listed frames
 POST /app 404 in 515ms (next.js: 12ms, application-code: 503ms)
Error: Failed to find Server Action "x". This request might be from an older or newer deployment.
Read more: https://nextjs.org/docs/messages/failed-to-find-server-action
    at ignore-listed frames
 POST /api/route 404 in 528ms (next.js: 9ms, application-code: 519ms)
 GET / 200 in 1854ms (next.js: 32ms, application-code: 1822ms)
 GET / 200 in 2.2s (next.js: 323ms, application-code: 1871ms)
 GET / 200 in 671ms (next.js: 33ms, application-code: 638ms)
 GET / 200 in 666ms (next.js: 20ms, application-code: 646ms)
 GET / 200 in 674ms (next.js: 27ms, application-code: 648ms)
 HEAD / 200 in 2.2s (next.js: 395ms, application-code: 1837ms)
Error: Failed to find Server Action "x". This request might be from an older or newer deployment.
Read more: https://nextjs.org/docs/messages/failed-to-find-server-action
    at ignore-listed frames
 POST / 404 in 4.0s (next.js: 14ms, application-code: 4.0s)
Error: Failed to find Server Action "x". This request might be from an older or newer deployment.
Read more: https://nextjs.org/docs/messages/failed-to-find-server-action
    at ignore-listed frames
 POST /_next 404 in 972ms (next.js: 17ms, application-code: 955ms)
^C^C